{"numFailedTestSuites":1,"numFailedTests":1,"numPassedTestSuites":0,"numPassedTests":0,"numPendingTestSuites":0,"numPendingTests":0,"numRuntimeErrorTestSuites":0,"numTodoTests":0,"numTotalTestSuites":1,"numTotalTests":1,"openHandles":[],"snapshot":{"added":0,"didUpdate":false,"failure":false,"filesAdded":0,"filesRemoved":0,"filesRemovedList":[],"filesUnmatched":0,"filesUpdated":0,"matched":0,"total":0,"unchecked":0,"uncheckedKeysByFile":[],"unmatched":0,"updated":0},"startTime":1771696189260,"success":false,"testResults":[{"assertionResults":[{"ancestorTitles":["WebcamsListScreen"],"duration":37,"failureDetails":[{}],"failureMessages":["Error: Unable to find an element with text: /Cámaras de Tráfico/i\n\n\u001b[36m<RNCSafeAreaProvider />\u001b[39m\n    at Object.getByText (C:\\Users\\Yago\\WebstormProjects\\expo-android-project-3\\components\\__tests__\\webcams-list-screen.test.tsx:43:19)\n    at Promise.then.completed (C:\\Users\\Yago\\WebstormProjects\\expo-android-project-3\\node_modules\\jest-circus\\build\\utils.js:298:28)\n    at new Promise (<anonymous>)\n    at callAsyncCircusFn (C:\\Users\\Yago\\WebstormProjects\\expo-android-project-3\\node_modules\\jest-circus\\build\\utils.js:231:10)\n    at _callCircusTest (C:\\Users\\Yago\\WebstormProjects\\expo-android-project-3\\node_modules\\jest-circus\\build\\run.js:316:40)\n    at _runTest (C:\\Users\\Yago\\WebstormProjects\\expo-android-project-3\\node_modules\\jest-circus\\build\\run.js:252:3)\n    at _runTestsForDescribeBlock (C:\\Users\\Yago\\WebstormProjects\\expo-android-project-3\\node_modules\\jest-circus\\build\\run.js:126:9)\n    at _runTestsForDescribeBlock (C:\\Users\\Yago\\WebstormProjects\\expo-android-project-3\\node_modules\\jest-circus\\build\\run.js:121:9)\n    at run (C:\\Users\\Yago\\WebstormProjects\\expo-android-project-3\\node_modules\\jest-circus\\build\\run.js:71:3)\n    at runAndTransformResultsToJestFormat (C:\\Users\\Yago\\WebstormProjects\\expo-android-project-3\\node_modules\\jest-circus\\build\\legacy-code-todo-rewrite\\jestAdapterInit.js:122:21)\n    at jestAdapter (C:\\Users\\Yago\\WebstormProjects\\expo-android-project-3\\node_modules\\jest-circus\\build\\legacy-code-todo-rewrite\\jestAdapter.js:79:19)\n    at runTestInternal (C:\\Users\\Yago\\WebstormProjects\\expo-android-project-3\\node_modules\\jest-runner\\build\\runTest.js:367:16)\n    at runTest (C:\\Users\\Yago\\WebstormProjects\\expo-android-project-3\\node_modules\\jest-runner\\build\\runTest.js:444:34)"],"fullName":"WebcamsListScreen renders the list cards directly based on mocked hooks","invocations":1,"location":null,"numPassingAsserts":0,"retryReasons":[],"status":"failed","title":"renders the list cards directly based on mocked hooks"}],"endTime":1771696191752,"message":"\u001b[1m\u001b[31m  \u001b[1m● \u001b[22m\u001b[1mWebcamsListScreen › renders the list cards directly based on mocked hooks\u001b[39m\u001b[22m\n\n    Unable to find an element with text: /Cámaras de Tráfico/i\n\n    \u001b[36m<RNCSafeAreaProvider />\u001b[39m\n\u001b[2m\u001b[22m\n\u001b[2m    \u001b[0m \u001b[90m 41 |\u001b[39m\u001b[22m\n\u001b[2m     \u001b[90m 42 |\u001b[39m     \u001b[90m// Header check\u001b[39m\u001b[22m\n\u001b[2m    \u001b[31m\u001b[1m>\u001b[22m\u001b[2m\u001b[39m\u001b[90m 43 |\u001b[39m     expect(screen\u001b[33m.\u001b[39mgetByText(\u001b[35m/Cámaras de Tráfico/i\u001b[39m))\u001b[33m.\u001b[39mtoBeTruthy()\u001b[33m;\u001b[39m\u001b[22m\n\u001b[2m     \u001b[90m    |\u001b[39m                   \u001b[31m\u001b[1m^\u001b[22m\u001b[2m\u001b[39m\u001b[22m\n\u001b[2m     \u001b[90m 44 |\u001b[39m\u001b[22m\n\u001b[2m     \u001b[90m 45 |\u001b[39m     \u001b[90m// With 1 mocked camera, the subheader text should show \"1 Cámaras\" (or 1 Cámara)\u001b[39m\u001b[22m\n\u001b[2m     \u001b[90m 46 |\u001b[39m     expect(screen\u001b[33m.\u001b[39mgetByText(\u001b[35m/1 Cámaras/i\u001b[39m))\u001b[33m.\u001b[39mtoBeTruthy()\u001b[33m;\u001b[39m\u001b[0m\u001b[22m\n\u001b[2m\u001b[22m\n\u001b[2m      \u001b[2mat Object.getByText (\u001b[22m\u001b[2m\u001b[0m\u001b[36mcomponents/__tests__/webcams-list-screen.test.tsx\u001b[39m\u001b[0m\u001b[2m:43:19)\u001b[22m\u001b[2m\u001b[22m\n","name":"C:\\Users\\Yago\\WebstormProjects\\expo-android-project-3\\components\\__tests__\\webcams-list-screen.test.tsx","startTime":1771696189478,"status":"failed","summary":""}],"wasInterrupted":false}
