{"numFailedTestSuites":1,"numFailedTests":1,"numPassedTestSuites":0,"numPassedTests":0,"numPendingTestSuites":0,"numPendingTests":0,"numRuntimeErrorTestSuites":0,"numTodoTests":0,"numTotalTestSuites":1,"numTotalTests":1,"openHandles":[],"snapshot":{"added":0,"didUpdate":false,"failure":false,"filesAdded":0,"filesRemoved":0,"filesRemovedList":[],"filesUnmatched":0,"filesUpdated":0,"matched":0,"total":0,"unchecked":0,"uncheckedKeysByFile":[],"unmatched":0,"updated":0},"startTime":1771696108848,"success":false,"testResults":[{"assertionResults":[{"ancestorTitles":["WebcamsListScreen"],"duration":5014,"failureDetails":[{"message":"thrown: \"Exceeded timeout of 5000 ms for a test.\nAdd a timeout value to this test to increase the timeout, if this is a long-running test. See https://jestjs.io/docs/api#testname-fn-timeout.\""}],"failureMessages":["Error: thrown: \"Exceeded timeout of 5000 ms for a test.\nAdd a timeout value to this test to increase the timeout, if this is a long-running test. See https://jestjs.io/docs/api#testname-fn-timeout.\"\n    at test (C:\\Users\\Yago\\WebstormProjects\\expo-android-project-3\\components\\__tests__\\webcams-list-screen.test.tsx:29:3)\n    at _dispatchDescribe (C:\\Users\\Yago\\WebstormProjects\\expo-android-project-3\\node_modules\\jest-circus\\build\\index.js:91:26)\n    at describe (C:\\Users\\Yago\\WebstormProjects\\expo-android-project-3\\node_modules\\jest-circus\\build\\index.js:55:5)\n    at Object.describe (C:\\Users\\Yago\\WebstormProjects\\expo-android-project-3\\components\\__tests__\\webcams-list-screen.test.tsx:28:1)\n    at Runtime._execModule (C:\\Users\\Yago\\WebstormProjects\\expo-android-project-3\\node_modules\\jest-runtime\\build\\index.js:1439:24)\n    at Runtime._loadModule (C:\\Users\\Yago\\WebstormProjects\\expo-android-project-3\\node_modules\\jest-runtime\\build\\index.js:1022:12)\n    at Runtime.requireModule (C:\\Users\\Yago\\WebstormProjects\\expo-android-project-3\\node_modules\\jest-runtime\\build\\index.js:882:12)\n    at jestAdapter (C:\\Users\\Yago\\WebstormProjects\\expo-android-project-3\\node_modules\\jest-circus\\build\\legacy-code-todo-rewrite\\jestAdapter.js:77:13)\n    at processTicksAndRejections (node:internal/process/task_queues:105:5)\n    at runTestInternal (C:\\Users\\Yago\\WebstormProjects\\expo-android-project-3\\node_modules\\jest-runner\\build\\runTest.js:367:16)\n    at runTest (C:\\Users\\Yago\\WebstormProjects\\expo-android-project-3\\node_modules\\jest-runner\\build\\runTest.js:444:34)"],"fullName":"WebcamsListScreen renders the list cards after loading","invocations":1,"location":null,"numPassingAsserts":0,"retryReasons":[],"status":"failed","title":"renders the list cards after loading"}],"endTime":1771696126561,"message":"\u001b[1m\u001b[31m  \u001b[1m● \u001b[22m\u001b[1mWebcamsListScreen › renders the list cards after loading\u001b[39m\u001b[22m\n\n    thrown: \"Exceeded timeout of 5000 ms for a test.\n    Add a timeout value to this test to increase the timeout, if this is a long-running test. See https://jestjs.io/docs/api#testname-fn-timeout.\"\n\u001b[2m\u001b[22m\n\u001b[2m    \u001b[0m \u001b[90m 27 |\u001b[39m\u001b[22m\n\u001b[2m     \u001b[90m 28 |\u001b[39m describe(\u001b[32m'WebcamsListScreen'\u001b[39m\u001b[33m,\u001b[39m () \u001b[33m=>\u001b[39m {\u001b[22m\n\u001b[2m    \u001b[31m\u001b[1m>\u001b[22m\u001b[2m\u001b[39m\u001b[90m 29 |\u001b[39m   test(\u001b[32m'renders the list cards after loading'\u001b[39m\u001b[33m,\u001b[39m \u001b[36masync\u001b[39m () \u001b[33m=>\u001b[39m {\u001b[22m\n\u001b[2m     \u001b[90m    |\u001b[39m   \u001b[31m\u001b[1m^\u001b[22m\u001b[2m\u001b[39m\u001b[22m\n\u001b[2m     \u001b[90m 30 |\u001b[39m     \u001b[36mconst\u001b[39m queryClient \u001b[33m=\u001b[39m createTestQueryClient()\u001b[33m;\u001b[39m\u001b[22m\n\u001b[2m     \u001b[90m 31 |\u001b[39m\u001b[22m\n\u001b[2m     \u001b[90m 32 |\u001b[39m     render(\u001b[0m\u001b[22m\n\u001b[2m\u001b[22m\n\u001b[2m      \u001b[2mat test (\u001b[22m\u001b[2m\u001b[0m\u001b[36mcomponents/__tests__/webcams-list-screen.test.tsx\u001b[39m\u001b[0m\u001b[2m:29:3)\u001b[22m\u001b[2m\u001b[22m\n\u001b[2m      \u001b[2mat Object.describe (\u001b[22m\u001b[2m\u001b[0m\u001b[36mcomponents/__tests__/webcams-list-screen.test.tsx\u001b[39m\u001b[0m\u001b[2m:28:1)\u001b[22m\u001b[2m\u001b[22m\n","name":"C:\\Users\\Yago\\WebstormProjects\\expo-android-project-3\\components\\__tests__\\webcams-list-screen.test.tsx","startTime":1771696110045,"status":"failed","summary":""}],"wasInterrupted":false}
